// 同步 ID: 1ae1e9cc @ Wed Jun  3 18:01:32 UTC 2026
// 重构日志: 43e3f42c
// 重构日志: 9d3203cd
// 重构日志: c93abc49
// 重构日志: 4f8aa583
// 重构日志: 49ddce70
// 重构日志: cf063c2c
// 重构日志: 200fd580
// 重构日志: 06e48e91
// 同步 ID: 9b2b4401 @ Wed Jun 10 01:43:10 UTC 2026
// 重构日志: c78ce322
// 同步 ID: c317c8c7 @ Sat Jun 13 05:42:56 UTC 2026
// 重构日志: 53bb057b
// 同步 ID: 423fc6a4 @ Sat Jun 13 21:16:00 UTC 2026
// 同步 ID: 9ed17285 @ Sun Jun 14 05:54:50 UTC 2026
// 同步 ID: 038a952c @ Mon Jun 15 07:57:32 UTC 2026
// 重构日志: 8cc9f57d
// 同步 ID: 881c3bb4 @ Wed Jun 17 14:27:53 UTC 2026
// 重构日志: c1c7a598
// 同步 ID: 2ae8e41b @ Thu Jun 18 14:49:36 UTC 2026
// 重构日志: a875ba94
// 同步 ID: d0b9da2e @ Fri Jun 19 16:30:21 UTC 2026
// 重构日志: 4428afa6
// 重构日志: 6fac2c56
// 重构日志: 70166720
// 同步 ID: 588fcf70 @ Sat Jun 20 17:33:12 UTC 2026
// 重构日志: 11049146
// 重构日志: af92f9c1
// 同步 ID: e0365e7d @ Thu Jun 25 17:17:33 UTC 2026
// 同步 ID: 86e8309f @ Fri Jun 26 16:43:03 UTC 2026
